<?xml version="1.0" encoding="UTF-8"?>
<!-- Generated by org.testng.reporters.JUnitReportReporter -->
<testsuite hostname="EPUAKHAW0472" name="com.epam.preproduction.tests.SortingTest" tests="2" failures="0" timestamp="12 Nov 2013 11:33:18 GMT" time="34.213" errors="0">
  <testcase name="testSortingByPrice" time="17.051" classname="com.epam.preproduction.tests.SortingTest"/>
  <testcase name="testSortingByName" time="17.162" classname="com.epam.preproduction.tests.SortingTest"/>
</testsuite> <!-- com.epam.preproduction.tests.SortingTest -->
