<?xml version="1.0" encoding="UTF-8"?>
<!-- Generated by org.testng.reporters.JUnitReportReporter -->
<testsuite hostname="Ice-PC" name="com.epam.preproduction.tests.CheckItemInformation" tests="1" failures="0" timestamp="14 Nov 2013 22:15:23 GMT" time="37.252" errors="0">
  <testcase name="testItemInformation" time="37.252" classname="com.epam.preproduction.tests.CheckItemInformation"/>
</testsuite> <!-- com.epam.preproduction.tests.CheckItemInformation -->
