<?xml version="1.0" encoding="UTF-8"?>
<!-- Generated by org.testng.reporters.JUnitReportReporter -->
<testsuite hostname="EPUAKHAW0472" name="com.epam.preproduction.tests.CheckPriceFilterTest" tests="1" failures="0" timestamp="12 Nov 2013 11:33:18 GMT" time="200.039" errors="0">
  <testcase name="testFilterPrice" time="200.039" classname="com.epam.preproduction.tests.CheckPriceFilterTest"/>
</testsuite> <!-- com.epam.preproduction.tests.CheckPriceFilterTest -->
