<?xml version="1.0" encoding="UTF-8"?>
<!-- Generated by org.testng.reporters.JUnitReportReporter -->
<testsuite hostname="EPUAKHAW0472" name="com.epam.preproduction.tests.CheckFilterParameters" tests="2" failures="0" timestamp="12 Nov 2013 11:33:18 GMT" time="63.643" errors="0">
  <testcase name="testFilterParameter" time="1.222" classname="com.epam.preproduction.tests.CheckFilterParameters"/>
  <testcase name="testFilterByProducer" time="62.421" classname="com.epam.preproduction.tests.CheckFilterParameters"/>
</testsuite> <!-- com.epam.preproduction.tests.CheckFilterParameters -->
