<?xml version="1.0" encoding="UTF-8"?>
<!-- Generated by org.testng.reporters.JUnitReportReporter -->
<testsuite hostname="EPUAKHAW0472" name="com.epam.preproduction.tests.CompareItemsTest" tests="1" failures="0" timestamp="12 Nov 2013 11:33:18 GMT" time="12.647" errors="0">
  <testcase name="testCompareItems" time="12.647" classname="com.epam.preproduction.tests.CompareItemsTest"/>
</testsuite> <!-- com.epam.preproduction.tests.CompareItemsTest -->
